<?xml version="1.0" encoding="UTF-8"?>
<coverage generated="1749969467108" clover="3.2.0">
  <project timestamp="1749969467108" name="All files">
    <metrics statements="31" coveredstatements="24" conditionals="10" coveredconditionals="5" methods="13" coveredmethods="8" elements="54" coveredelements="37" complexity="0" loc="31" ncloc="31" packages="13" files="15" classes="15"/>
    <package name="mock">
      <metrics statements="1" coveredstatements="1" conditionals="0" coveredconditionals="0" methods="0" coveredmethods="0"/>
      <file name="jestemptyComponent.tsx" path="/Users/qwe/Documents/rct/mock/jestemptyComponent.tsx">
        <metrics statements="1" coveredstatements="1" conditionals="0" coveredconditionals="0" methods="0" coveredmethods="0"/>
        <line num="1" count="1" type="stmt"/>
      </file>
    </package>
    <package name="src.App.providers.ThemeProvider">
      <metrics statements="0" coveredstatements="0" conditionals="0" coveredconditionals="0" methods="0" coveredmethods="0"/>
      <file name="index.tsx" path="/Users/qwe/Documents/rct/src/App/providers/ThemeProvider/index.tsx">
        <metrics statements="0" coveredstatements="0" conditionals="0" coveredconditionals="0" methods="0" coveredmethods="0"/>
      </file>
    </package>
    <package name="src.App.providers.ThemeProvider.lib">
      <metrics statements="8" coveredstatements="5" conditionals="2" coveredconditionals="0" methods="2" coveredmethods="1"/>
      <file name="ThemeContext.ts" path="/Users/qwe/Documents/rct/src/App/providers/ThemeProvider/lib/ThemeContext.ts">
        <metrics statements="2" coveredstatements="2" conditionals="0" coveredconditionals="0" methods="0" coveredmethods="0"/>
        <line num="13" count="1" type="stmt"/>
        <line num="15" count="1" type="stmt"/>
      </file>
      <file name="useTheme.ts" path="/Users/qwe/Documents/rct/src/App/providers/ThemeProvider/lib/useTheme.ts">
        <metrics statements="6" coveredstatements="3" conditionals="2" coveredconditionals="0" methods="2" coveredmethods="1"/>
        <line num="10" count="2" type="stmt"/>
        <line num="12" count="2" type="stmt"/>
        <line num="13" count="0" type="cond" truecount="0" falsecount="2"/>
        <line num="14" count="0" type="stmt"/>
        <line num="15" count="0" type="stmt"/>
        <line num="17" count="2" type="stmt"/>
      </file>
    </package>
    <package name="src.App.providers.ThemeProvider.ui">
      <metrics statements="5" coveredstatements="2" conditionals="2" coveredconditionals="2" methods="2" coveredmethods="0"/>
      <file name="ThemeProvider.tsx" path="/Users/qwe/Documents/rct/src/App/providers/ThemeProvider/ui/ThemeProvider.tsx">
        <metrics statements="5" coveredstatements="2" conditionals="2" coveredconditionals="2" methods="2" coveredmethods="0"/>
        <line num="4" count="1" type="cond" truecount="2" falsecount="0"/>
        <line num="6" count="1" type="stmt"/>
        <line num="8" count="0" type="stmt"/>
        <line num="10" count="0" type="stmt"/>
        <line num="15" count="0" type="stmt"/>
      </file>
    </package>
    <package name="src.shared.config.i18n">
      <metrics statements="1" coveredstatements="1" conditionals="0" coveredconditionals="0" methods="0" coveredmethods="0"/>
      <file name="i18nForTests.ts" path="/Users/qwe/Documents/rct/src/shared/config/i18n/i18nForTests.ts">
        <metrics statements="1" coveredstatements="1" conditionals="0" coveredconditionals="0" methods="0" coveredmethods="0"/>
        <line num="4" count="1" type="stmt"/>
      </file>
    </package>
    <package name="src.shared.lib.helpers.classNames">
      <metrics statements="2" coveredstatements="2" conditionals="2" coveredconditionals="1" methods="3" coveredmethods="2"/>
      <file name="classNames.ts" path="/Users/qwe/Documents/rct/src/shared/lib/helpers/classNames/classNames.ts">
        <metrics statements="2" coveredstatements="2" conditionals="2" coveredconditionals="1" methods="3" coveredmethods="2"/>
        <line num="4" count="3" type="stmt"/>
        <line num="6" count="3" type="stmt"/>
      </file>
    </package>
    <package name="src.shared.lib.renderWithTranslation">
      <metrics statements="1" coveredstatements="1" conditionals="0" coveredconditionals="0" methods="1" coveredmethods="1"/>
      <file name="renderWithTranslation.tsx" path="/Users/qwe/Documents/rct/src/shared/lib/renderWithTranslation/renderWithTranslation.tsx">
        <metrics statements="1" coveredstatements="1" conditionals="0" coveredconditionals="0" methods="1" coveredmethods="1"/>
        <line num="6" count="1" type="stmt"/>
      </file>
    </package>
    <package name="src.widgets.LangSwitcher">
      <metrics statements="0" coveredstatements="0" conditionals="0" coveredconditionals="0" methods="0" coveredmethods="0"/>
      <file name="index.ts" path="/Users/qwe/Documents/rct/src/widgets/LangSwitcher/index.ts">
        <metrics statements="0" coveredstatements="0" conditionals="0" coveredconditionals="0" methods="0" coveredmethods="0"/>
      </file>
    </package>
    <package name="src.widgets.LangSwitcher.ui">
      <metrics statements="5" coveredstatements="5" conditionals="2" coveredconditionals="1" methods="2" coveredmethods="2"/>
      <file name="LangSwitcher.tsx" path="/Users/qwe/Documents/rct/src/widgets/LangSwitcher/ui/LangSwitcher.tsx">
        <metrics statements="5" coveredstatements="5" conditionals="2" coveredconditionals="1" methods="2" coveredmethods="2"/>
        <line num="4" count="1" type="stmt"/>
        <line num="5" count="3" type="stmt"/>
        <line num="6" count="3" type="stmt"/>
        <line num="7" count="1" type="cond" truecount="1" falsecount="1"/>
        <line num="9" count="3" type="stmt"/>
      </file>
    </package>
    <package name="src.widgets.Sidebar">
      <metrics statements="0" coveredstatements="0" conditionals="0" coveredconditionals="0" methods="0" coveredmethods="0"/>
      <file name="index.tsx" path="/Users/qwe/Documents/rct/src/widgets/Sidebar/index.tsx">
        <metrics statements="0" coveredstatements="0" conditionals="0" coveredconditionals="0" methods="0" coveredmethods="0"/>
      </file>
    </package>
    <package name="src.widgets.Sidebar.ui.Sidebar">
      <metrics statements="5" coveredstatements="4" conditionals="0" coveredconditionals="0" methods="2" coveredmethods="1"/>
      <file name="Sidebar.tsx" path="/Users/qwe/Documents/rct/src/widgets/Sidebar/ui/Sidebar/Sidebar.tsx">
        <metrics statements="5" coveredstatements="4" conditionals="0" coveredconditionals="0" methods="2" coveredmethods="1"/>
        <line num="8" count="1" type="stmt"/>
        <line num="9" count="3" type="stmt"/>
        <line num="10" count="3" type="stmt"/>
        <line num="12" count="3" type="stmt"/>
        <line num="14" count="0" type="stmt"/>
      </file>
      <file name="index.ts" path="/Users/qwe/Documents/rct/src/widgets/Sidebar/ui/Sidebar/index.ts">
        <metrics statements="0" coveredstatements="0" conditionals="0" coveredconditionals="0" methods="0" coveredmethods="0"/>
      </file>
    </package>
    <package name="src.widgets.ThemeSwitcher">
      <metrics statements="0" coveredstatements="0" conditionals="0" coveredconditionals="0" methods="0" coveredmethods="0"/>
      <file name="index.ts" path="/Users/qwe/Documents/rct/src/widgets/ThemeSwitcher/index.ts">
        <metrics statements="0" coveredstatements="0" conditionals="0" coveredconditionals="0" methods="0" coveredmethods="0"/>
      </file>
    </package>
    <package name="src.widgets.ThemeSwitcher.ui">
      <metrics statements="3" coveredstatements="3" conditionals="2" coveredconditionals="1" methods="1" coveredmethods="1"/>
      <file name="ThemeSwitcher.tsx" path="/Users/qwe/Documents/rct/src/widgets/ThemeSwitcher/ui/ThemeSwitcher.tsx">
        <metrics statements="3" coveredstatements="3" conditionals="2" coveredconditionals="1" methods="1" coveredmethods="1"/>
        <line num="9" count="1" type="stmt"/>
        <line num="11" count="2" type="stmt"/>
        <line num="13" count="2" type="stmt"/>
      </file>
    </package>
  </project>
</coverage>
