{"/Users/qwe/Documents/rct/mock/jestemptyComponent.tsx": {"path":"/Users/qwe/Documents/rct/mock/jestemptyComponent.tsx","statementMap":{"0":{"start":{"line":1,"column":0},"end":{"line":1,"column":34}}},"fnMap":{},"branchMap":{},"s":{"0":1},"f":{},"b":{},"_coverageSchema":"1a1c01bbd47fc00a2c39e90264f33305004495a9","hash":"7bb6a218102d30632ab03c04ee450f085ba895eb"}
,"/Users/qwe/Documents/rct/src/App/providers/ThemeProvider/index.tsx": {"path":"/Users/qwe/Documents/rct/src/App/providers/ThemeProvider/index.tsx","statementMap":{},"fnMap":{},"branchMap":{},"s":{},"f":{},"b":{},"_coverageSchema":"1a1c01bbd47fc00a2c39e90264f33305004495a9","hash":"e81416ae004a2b198222317eafd2782a49b4e027"}
,"/Users/qwe/Documents/rct/src/App/providers/ThemeProvider/lib/ThemeContext.ts": {"path":"/Users/qwe/Documents/rct/src/App/providers/ThemeProvider/lib/ThemeContext.ts","statementMap":{"0":{"start":{"line":13,"column":28},"end":{"line":13,"column":64}},"1":{"start":{"line":15,"column":39},"end":{"line":15,"column":46}}},"fnMap":{},"branchMap":{},"s":{"0":1,"1":1},"f":{},"b":{},"_coverageSchema":"1a1c01bbd47fc00a2c39e90264f33305004495a9","hash":"6dcb0b08b4b3f86f6f09bc663a7d11794070aa78"}
,"/Users/qwe/Documents/rct/src/App/providers/ThemeProvider/lib/useTheme.ts": {"path":"/Users/qwe/Documents/rct/src/App/providers/ThemeProvider/lib/useTheme.ts","statementMap":{"0":{"start":{"line":10,"column":32},"end":{"line":10,"column":56}},"1":{"start":{"line":12,"column":24},"end":{"line":16,"column":5}},"2":{"start":{"line":13,"column":25},"end":{"line":13,"column":72}},"3":{"start":{"line":14,"column":8},"end":{"line":14,"column":26}},"4":{"start":{"line":15,"column":8},"end":{"line":15,"column":63}},"5":{"start":{"line":17,"column":4},"end":{"line":19,"column":5}}},"fnMap":{"0":{"name":"useTheme","decl":{"start":{"line":9,"column":16},"end":{"line":9,"column":24}},"loc":{"start":{"line":9,"column":43},"end":{"line":20,"column":1}},"line":9},"1":{"name":"(anonymous_1)","decl":{"start":{"line":12,"column":24},"end":{"line":12,"column":25}},"loc":{"start":{"line":12,"column":30},"end":{"line":16,"column":5}},"line":12}},"branchMap":{"0":{"loc":{"start":{"line":13,"column":25},"end":{"line":13,"column":72}},"type":"cond-expr","locations":[{"start":{"line":13,"column":48},"end":{"line":13,"column":59}},{"start":{"line":13,"column":62},"end":{"line":13,"column":72}}],"line":13}},"s":{"0":2,"1":2,"2":0,"3":0,"4":0,"5":2},"f":{"0":2,"1":0},"b":{"0":[0,0]},"_coverageSchema":"1a1c01bbd47fc00a2c39e90264f33305004495a9","hash":"9298cd076fe8517bca2ac6bfb131a7e2baf8a955"}
,"/Users/qwe/Documents/rct/src/App/providers/ThemeProvider/ui/ThemeProvider.tsx": {"path":"/Users/qwe/Documents/rct/src/App/providers/ThemeProvider/ui/ThemeProvider.tsx","statementMap":{"0":{"start":{"line":4,"column":21},"end":{"line":4,"column":90}},"1":{"start":{"line":6,"column":38},"end":{"line":20,"column":1}},"2":{"start":{"line":8,"column":30},"end":{"line":8,"column":59}},"3":{"start":{"line":10,"column":25},"end":{"line":13,"column":16}},"4":{"start":{"line":10,"column":40},"end":{"line":13,"column":5}},"5":{"start":{"line":15,"column":4},"end":{"line":19,"column":5}}},"fnMap":{"0":{"name":"(anonymous_0)","decl":{"start":{"line":6,"column":38},"end":{"line":6,"column":39}},"loc":{"start":{"line":6,"column":54},"end":{"line":20,"column":1}},"line":6},"1":{"name":"(anonymous_1)","decl":{"start":{"line":10,"column":33},"end":{"line":10,"column":34}},"loc":{"start":{"line":10,"column":40},"end":{"line":13,"column":5}},"line":10}},"branchMap":{"0":{"loc":{"start":{"line":4,"column":21},"end":{"line":4,"column":90}},"type":"binary-expr","locations":[{"start":{"line":4,"column":21},"end":{"line":4,"column":75}},{"start":{"line":4,"column":79},"end":{"line":4,"column":90}}],"line":4}},"s":{"0":1,"1":1,"2":0,"3":0,"4":0,"5":0},"f":{"0":0,"1":0},"b":{"0":[1,1]},"_coverageSchema":"1a1c01bbd47fc00a2c39e90264f33305004495a9","hash":"e1ff1ce2138c3e370c566fabfce098036e1e672a"}
,"/Users/qwe/Documents/rct/src/shared/config/i18n/i18nForTests.ts": {"path":"/Users/qwe/Documents/rct/src/shared/config/i18n/i18nForTests.ts","statementMap":{"0":{"start":{"line":4,"column":0},"end":{"line":21,"column":5}}},"fnMap":{},"branchMap":{},"s":{"0":1},"f":{},"b":{},"_coverageSchema":"1a1c01bbd47fc00a2c39e90264f33305004495a9","hash":"18b2827db63548576c94af174a0eb1ca324c1dc5"}
,"/Users/qwe/Documents/rct/src/shared/lib/helpers/classNames/classNames.ts": {"path":"/Users/qwe/Documents/rct/src/shared/lib/helpers/classNames/classNames.ts","statementMap":{"0":{"start":{"line":4,"column":4},"end":{"line":8,"column":15}},"1":{"start":{"line":6,"column":54},"end":{"line":6,"column":68}},"2":{"start":{"line":6,"column":85},"end":{"line":6,"column":88}}},"fnMap":{"0":{"name":"classNames","decl":{"start":{"line":3,"column":16},"end":{"line":3,"column":26}},"loc":{"start":{"line":3,"column":92},"end":{"line":9,"column":1}},"line":3},"1":{"name":"(anonymous_1)","decl":{"start":{"line":6,"column":39},"end":{"line":6,"column":40}},"loc":{"start":{"line":6,"column":54},"end":{"line":6,"column":68}},"line":6},"2":{"name":"(anonymous_2)","decl":{"start":{"line":6,"column":74},"end":{"line":6,"column":75}},"loc":{"start":{"line":6,"column":85},"end":{"line":6,"column":88}},"line":6}},"branchMap":{"0":{"loc":{"start":{"line":3,"column":40},"end":{"line":3,"column":55}},"type":"default-arg","locations":[{"start":{"line":3,"column":53},"end":{"line":3,"column":55}}],"line":3},"1":{"loc":{"start":{"line":3,"column":57},"end":{"line":3,"column":82}},"type":"default-arg","locations":[{"start":{"line":3,"column":80},"end":{"line":3,"column":82}}],"line":3}},"s":{"0":3,"1":3,"2":0},"f":{"0":3,"1":3,"2":0},"b":{"0":[0],"1":[3]},"_coverageSchema":"1a1c01bbd47fc00a2c39e90264f33305004495a9","hash":"10d52c6c15a2520f803db9087d8fac156d7d9f24"}
,"/Users/qwe/Documents/rct/src/shared/lib/renderWithTranslation/renderWithTranslation.tsx": {"path":"/Users/qwe/Documents/rct/src/shared/lib/renderWithTranslation/renderWithTranslation.tsx","statementMap":{"0":{"start":{"line":6,"column":4},"end":{"line":10,"column":5}}},"fnMap":{"0":{"name":"renderWithTranslation","decl":{"start":{"line":5,"column":16},"end":{"line":5,"column":37}},"loc":{"start":{"line":5,"column":60},"end":{"line":11,"column":1}},"line":5}},"branchMap":{},"s":{"0":1},"f":{"0":1},"b":{},"_coverageSchema":"1a1c01bbd47fc00a2c39e90264f33305004495a9","hash":"5838302c8a7b23f6793129798cff5525f28f4d90"}
,"/Users/qwe/Documents/rct/src/widgets/LangSwitcher/index.ts": {"path":"/Users/qwe/Documents/rct/src/widgets/LangSwitcher/index.ts","statementMap":{},"fnMap":{},"branchMap":{},"s":{},"f":{},"b":{},"_coverageSchema":"1a1c01bbd47fc00a2c39e90264f33305004495a9","hash":"2bf9aff32e0728ba7a597166a2ec8ab8d20b9fde"}
,"/Users/qwe/Documents/rct/src/widgets/LangSwitcher/ui/LangSwitcher.tsx": {"path":"/Users/qwe/Documents/rct/src/widgets/LangSwitcher/ui/LangSwitcher.tsx","statementMap":{"0":{"start":{"line":4,"column":21},"end":{"line":12,"column":1}},"1":{"start":{"line":5,"column":24},"end":{"line":5,"column":40}},"2":{"start":{"line":6,"column":27},"end":{"line":8,"column":5}},"3":{"start":{"line":7,"column":8},"end":{"line":7,"column":65}},"4":{"start":{"line":9,"column":4},"end":{"line":11,"column":5}}},"fnMap":{"0":{"name":"(anonymous_0)","decl":{"start":{"line":4,"column":21},"end":{"line":4,"column":22}},"loc":{"start":{"line":4,"column":27},"end":{"line":12,"column":1}},"line":4},"1":{"name":"(anonymous_1)","decl":{"start":{"line":6,"column":27},"end":{"line":6,"column":28}},"loc":{"start":{"line":6,"column":33},"end":{"line":8,"column":5}},"line":6}},"branchMap":{"0":{"loc":{"start":{"line":7,"column":28},"end":{"line":7,"column":64}},"type":"cond-expr","locations":[{"start":{"line":7,"column":53},"end":{"line":7,"column":57}},{"start":{"line":7,"column":60},"end":{"line":7,"column":64}}],"line":7}},"s":{"0":1,"1":3,"2":3,"3":1,"4":3},"f":{"0":3,"1":1},"b":{"0":[1,0]},"_coverageSchema":"1a1c01bbd47fc00a2c39e90264f33305004495a9","hash":"111f8355108407a21042d47f2e7a488cb8450a21"}
,"/Users/qwe/Documents/rct/src/widgets/Sidebar/index.tsx": {"path":"/Users/qwe/Documents/rct/src/widgets/Sidebar/index.tsx","statementMap":{},"fnMap":{},"branchMap":{},"s":{},"f":{},"b":{},"_coverageSchema":"1a1c01bbd47fc00a2c39e90264f33305004495a9","hash":"173738cae2227547ef9008aed51afb9771a588b6"}
,"/Users/qwe/Documents/rct/src/widgets/Sidebar/ui/Sidebar/Sidebar.tsx": {"path":"/Users/qwe/Documents/rct/src/widgets/Sidebar/ui/Sidebar/Sidebar.tsx","statementMap":{"0":{"start":{"line":8,"column":20},"end":{"line":21,"column":1}},"1":{"start":{"line":9,"column":38},"end":{"line":9,"column":53}},"2":{"start":{"line":10,"column":18},"end":{"line":10,"column":34}},"3":{"start":{"line":12,"column":4},"end":{"line":20,"column":5}},"4":{"start":{"line":14,"column":62},"end":{"line":14,"column":86}}},"fnMap":{"0":{"name":"(anonymous_0)","decl":{"start":{"line":8,"column":20},"end":{"line":8,"column":21}},"loc":{"start":{"line":8,"column":26},"end":{"line":21,"column":1}},"line":8},"1":{"name":"(anonymous_1)","decl":{"start":{"line":14,"column":56},"end":{"line":14,"column":57}},"loc":{"start":{"line":14,"column":62},"end":{"line":14,"column":86}},"line":14}},"branchMap":{},"s":{"0":1,"1":3,"2":3,"3":3,"4":0},"f":{"0":3,"1":0},"b":{},"_coverageSchema":"1a1c01bbd47fc00a2c39e90264f33305004495a9","hash":"1a7770c3d2f4cf9a122b453cf24a2756d520560a"}
,"/Users/qwe/Documents/rct/src/widgets/Sidebar/ui/Sidebar/index.ts": {"path":"/Users/qwe/Documents/rct/src/widgets/Sidebar/ui/Sidebar/index.ts","statementMap":{},"fnMap":{},"branchMap":{},"s":{},"f":{},"b":{},"_coverageSchema":"1a1c01bbd47fc00a2c39e90264f33305004495a9","hash":"077b70e3750511c66b3e7cf3fce64ab9203b33ca"}
,"/Users/qwe/Documents/rct/src/widgets/ThemeSwitcher/index.ts": {"path":"/Users/qwe/Documents/rct/src/widgets/ThemeSwitcher/index.ts","statementMap":{},"fnMap":{},"branchMap":{},"s":{},"f":{},"b":{},"_coverageSchema":"1a1c01bbd47fc00a2c39e90264f33305004495a9","hash":"8d37a29ff14dffc5a6b667c76a3af38b06a4e388"}
,"/Users/qwe/Documents/rct/src/widgets/ThemeSwitcher/ui/ThemeSwitcher.tsx": {"path":"/Users/qwe/Documents/rct/src/widgets/ThemeSwitcher/ui/ThemeSwitcher.tsx","statementMap":{"0":{"start":{"line":9,"column":22},"end":{"line":18,"column":1}},"1":{"start":{"line":11,"column":35},"end":{"line":11,"column":45}},"2":{"start":{"line":13,"column":4},"end":{"line":17,"column":5}}},"fnMap":{"0":{"name":"(anonymous_0)","decl":{"start":{"line":9,"column":22},"end":{"line":9,"column":23}},"loc":{"start":{"line":9,"column":28},"end":{"line":18,"column":1}},"line":9}},"branchMap":{"0":{"loc":{"start":{"line":15,"column":22},"end":{"line":15,"column":58}},"type":"cond-expr","locations":[{"start":{"line":15,"column":46},"end":{"line":15,"column":49}},{"start":{"line":15,"column":52},"end":{"line":15,"column":58}}],"line":15}},"s":{"0":1,"1":2,"2":2},"f":{"0":2},"b":{"0":[0,2]},"_coverageSchema":"1a1c01bbd47fc00a2c39e90264f33305004495a9","hash":"334f0cf76995d5ed9761e5ee20e76bfd03087b7e"}
}
